-- The C compiler identification is GNU 11.4.0
-- The CXX compiler identification is GNU 11.4.0
-- Detecting C compiler ABI info
-- Detecting C compiler ABI info - done
-- Check for working C compiler: /usr/bin/cc - skipped
-- Detecting C compile features
-- Detecting C compile features - done
-- Detecting CXX compiler ABI info
-- Detecting CXX compiler ABI info - done
-- Check for working CXX compiler: /usr/bin/c++ - skipped
-- Detecting CXX compile features
-- Detecting CXX compile features - done
-- Found ament_cmake: 1.3.12 (/opt/ros/humble/share/ament_cmake/cmake)
-- Found Python3: /home/max/.pyenv/shims/python3 (found version "3.10.12") found components: Interpreter 
-- Found rclcpp: 16.0.14 (/opt/ros/humble/share/rclcpp/cmake)
-- Found rosidl_generator_c: 3.1.7 (/opt/ros/humble/share/rosidl_generator_c/cmake)
-- Found rosidl_adapter: 3.1.7 (/opt/ros/humble/share/rosidl_adapter/cmake)
-- Found rosidl_generator_cpp: 3.1.7 (/opt/ros/humble/share/rosidl_generator_cpp/cmake)
-- Using all available rosidl_typesupport_c: rosidl_typesupport_fastrtps_c;rosidl_typesupport_introspection_c
-- Using all available rosidl_typesupport_cpp: rosidl_typesupport_fastrtps_cpp;rosidl_typesupport_introspection_cpp
-- Found rmw_implementation_cmake: 6.1.2 (/opt/ros/humble/share/rmw_implementation_cmake/cmake)
-- Found rmw_fastrtps_cpp: 6.2.8 (/opt/ros/humble/share/rmw_fastrtps_cpp/cmake)
-- Found OpenSSL: /usr/lib/x86_64-linux-gnu/libcrypto.so (found version "3.0.2")  
-- Found FastRTPS: /opt/ros/humble/include  
-- Using RMW implementation 'rmw_fastrtps_cpp' as default
-- Looking for pthread.h
-- Looking for pthread.h - found
-- Performing Test CMAKE_HAVE_LIBC_PTHREAD
-- Performing Test CMAKE_HAVE_LIBC_PTHREAD - Success
-- Found Threads: TRUE  
-- Found tf2: 0.25.15 (/opt/ros/humble/share/tf2/cmake)
-- Found tf2_ros: 0.25.15 (/opt/ros/humble/share/tf2_ros/cmake)
-- Found ament_lint_auto: 0.12.14 (/opt/ros/humble/share/ament_lint_auto/cmake)
-- Added test 'copyright' to check source files copyright and LICENSE
-- Added test 'cppcheck' to perform static code analysis on C / C++ code
-- Configured cppcheck include dirs: /home/max/bebop_ws/src/ros_vrpn_client/include;/home/max/bebop_ws/src/ros_vrpn_client/vrpn;/home/max/bebop_ws/src/ros_vrpn_client/vrpn/include;/home/max/bebop_ws/src/ros_vrpn_client/vrpn/quat;/home/max/bebop_ws/src/ros_vrpn_client/Threads;/home/max/bebop_ws/src/ros_vrpn_client/rclcpp
-- Configured cppcheck exclude dirs and/or files: 
-- Added test 'cpplint' to check C / C++ code against the Google style
-- Configured cpplint exclude dirs and/or files: 
-- Added test 'flake8' to check Python code syntax and style conventions
-- Added test 'lint_cmake' to check CMake code style
-- Added test 'pep257' to check Python code against some of the docstring style conventions in PEP 257
-- Added test 'uncrustify' to check C / C++ code style
-- Configured uncrustify additional arguments: 
-- Added test 'xmllint' to check XML markup files
-- Configuring done
-- Generating done
-- Build files have been written to: /home/max/bebop_ws/build/ros_vrpn_client
[  7%] [32mBuilding CXX object CMakeFiles/ros_vrpn_client.dir/vrpn/vrpn_Thread.C.o[0m
[ 15%] [32mBuilding C object CMakeFiles/ros_vrpn_client.dir/vrpn/quat/quat.c.o[0m
[ 23%] [32mBuilding CXX object CMakeFiles/ros_vrpn_client.dir/vrpn/vrpn_Connection.C.o[0m
[ 30%] [32mBuilding CXX object CMakeFiles/ros_vrpn_client.dir/vrpn/vrpn_Tracker.C.o[0m
[ 38%] [32mBuilding CXX object CMakeFiles/ros_vrpn_client.dir/src/ros_vrpn_client.cpp.o[0m
[ 46%] [32mBuilding CXX object CMakeFiles/ros_vrpn_client.dir/vrpn/vrpn_EndpointContainer.C.o[0m
[ 53%] [32mBuilding C object CMakeFiles/ros_vrpn_client.dir/vrpn/quat/vector.c.o[0m
[ 61%] [32mBuilding C object CMakeFiles/ros_vrpn_client.dir/vrpn/quat/matrix.c.o[0m
[ 76%] [32mBuilding CXX object CMakeFiles/ros_vrpn_client.dir/vrpn/vrpn_Shared.C.o[0m
[ 76%] [32mBuilding CXX object CMakeFiles/ros_vrpn_client.dir/vrpn/vrpn_BaseClass.C.o[0m
[ 84%] [32mBuilding CXX object CMakeFiles/ros_vrpn_client.dir/vrpn/vrpn_FileConnection.C.o[0m
[ 92%] [32mBuilding CXX object CMakeFiles/ros_vrpn_client.dir/vrpn/vrpn_Serial.C.o[0m
[100%] [32m[1mLinking CXX executable ros_vrpn_client[0m
[100%] Built target ros_vrpn_client
-- Install configuration: ""
-- Installing: /home/max/bebop_ws/install/ros_vrpn_client/share/ament_index/resource_index/package_run_dependencies/ros_vrpn_client
-- Installing: /home/max/bebop_ws/install/ros_vrpn_client/share/ament_index/resource_index/parent_prefix_path/ros_vrpn_client
-- Installing: /home/max/bebop_ws/install/ros_vrpn_client/share/ros_vrpn_client/environment/ament_prefix_path.sh
-- Installing: /home/max/bebop_ws/install/ros_vrpn_client/share/ros_vrpn_client/environment/ament_prefix_path.dsv
-- Installing: /home/max/bebop_ws/install/ros_vrpn_client/share/ros_vrpn_client/environment/path.sh
-- Installing: /home/max/bebop_ws/install/ros_vrpn_client/share/ros_vrpn_client/environment/path.dsv
-- Installing: /home/max/bebop_ws/install/ros_vrpn_client/share/ros_vrpn_client/local_setup.bash
-- Installing: /home/max/bebop_ws/install/ros_vrpn_client/share/ros_vrpn_client/local_setup.sh
-- Installing: /home/max/bebop_ws/install/ros_vrpn_client/share/ros_vrpn_client/local_setup.zsh
-- Installing: /home/max/bebop_ws/install/ros_vrpn_client/share/ros_vrpn_client/local_setup.dsv
-- Installing: /home/max/bebop_ws/install/ros_vrpn_client/share/ros_vrpn_client/package.dsv
-- Installing: /home/max/bebop_ws/install/ros_vrpn_client/share/ament_index/resource_index/packages/ros_vrpn_client
-- Installing: /home/max/bebop_ws/install/ros_vrpn_client/share/ros_vrpn_client/cmake/ros_vrpn_clientConfig.cmake
-- Installing: /home/max/bebop_ws/install/ros_vrpn_client/share/ros_vrpn_client/cmake/ros_vrpn_clientConfig-version.cmake
-- Installing: /home/max/bebop_ws/install/ros_vrpn_client/share/ros_vrpn_client/package.xml
-- Installing: /home/max/bebop_ws/install/ros_vrpn_client/lib/ros_vrpn_client/ros_vrpn_client
-- Set runtime path of "/home/max/bebop_ws/install/ros_vrpn_client/lib/ros_vrpn_client/ros_vrpn_client" to ""
-- Installing: /home/max/bebop_ws/install/ros_vrpn_client/share/ros_vrpn_client/launch
-- Installing: /home/max/bebop_ws/install/ros_vrpn_client/share/ros_vrpn_client/launch/test.launch
