[0.005s] Invoking command in '/home/max/bebop_ws/build/ros_vrpn_client': CMAKE_PREFIX_PATH=/opt/ros/humble /usr/bin/cmake /home/max/bebop_ws/src/ros_vrpn_client -DCMAKE_INSTALL_PREFIX=/home/max/bebop_ws/install/ros_vrpn_client
[0.063s] -- The C compiler identification is GNU 11.4.0
[0.156s] -- The CXX compiler identification is GNU 11.4.0
[0.168s] -- Detecting C compiler ABI info
[0.279s] -- Detecting C compiler ABI info - done
[0.292s] -- Check for working C compiler: /usr/bin/cc - skipped
[0.292s] -- Detecting C compile features
[0.293s] -- Detecting C compile features - done
[0.298s] -- Detecting CXX compiler ABI info
[0.428s] -- Detecting CXX compiler ABI info - done
[0.442s] -- Check for working CXX compiler: /usr/bin/c++ - skipped
[0.442s] -- Detecting CXX compile features
[0.443s] -- Detecting CXX compile features - done
[0.447s] -- Found ament_cmake: 1.3.12 (/opt/ros/humble/share/ament_cmake/cmake)
[1.150s] -- Found Python3: /home/max/.pyenv/shims/python3 (found version "3.10.12") found components: Interpreter 
[1.254s] -- Found rclcpp: 16.0.14 (/opt/ros/humble/share/rclcpp/cmake)
[1.276s] -- Found rosidl_generator_c: 3.1.7 (/opt/ros/humble/share/rosidl_generator_c/cmake)
[1.278s] -- Found rosidl_adapter: 3.1.7 (/opt/ros/humble/share/rosidl_adapter/cmake)
[1.282s] -- Found rosidl_generator_cpp: 3.1.7 (/opt/ros/humble/share/rosidl_generator_cpp/cmake)
[1.288s] -- Using all available rosidl_typesupport_c: rosidl_typesupport_fastrtps_c;rosidl_typesupport_introspection_c
[1.296s] -- Using all available rosidl_typesupport_cpp: rosidl_typesupport_fastrtps_cpp;rosidl_typesupport_introspection_cpp
[1.318s] -- Found rmw_implementation_cmake: 6.1.2 (/opt/ros/humble/share/rmw_implementation_cmake/cmake)
[1.319s] -- Found rmw_fastrtps_cpp: 6.2.8 (/opt/ros/humble/share/rmw_fastrtps_cpp/cmake)
[1.374s] -- Found OpenSSL: /usr/lib/x86_64-linux-gnu/libcrypto.so (found version "3.0.2")  
[1.391s] -- Found FastRTPS: /opt/ros/humble/include  
[1.415s] -- Using RMW implementation 'rmw_fastrtps_cpp' as default
[1.420s] -- Looking for pthread.h
[1.461s] -- Looking for pthread.h - found
[1.461s] -- Performing Test CMAKE_HAVE_LIBC_PTHREAD
[1.501s] -- Performing Test CMAKE_HAVE_LIBC_PTHREAD - Success
[1.502s] -- Found Threads: TRUE  
[1.530s] -- Found tf2: 0.25.15 (/opt/ros/humble/share/tf2/cmake)
[1.566s] -- Found tf2_ros: 0.25.15 (/opt/ros/humble/share/tf2_ros/cmake)
[1.688s] -- Found ament_lint_auto: 0.12.14 (/opt/ros/humble/share/ament_lint_auto/cmake)
[1.842s] -- Added test 'copyright' to check source files copyright and LICENSE
[1.895s] -- Added test 'cppcheck' to perform static code analysis on C / C++ code
[1.896s] -- Configured cppcheck include dirs: /home/max/bebop_ws/src/ros_vrpn_client/include;/home/max/bebop_ws/src/ros_vrpn_client/vrpn;/home/max/bebop_ws/src/ros_vrpn_client/vrpn/include;/home/max/bebop_ws/src/ros_vrpn_client/vrpn/quat;/home/max/bebop_ws/src/ros_vrpn_client/Threads;/home/max/bebop_ws/src/ros_vrpn_client/rclcpp
[1.896s] -- Configured cppcheck exclude dirs and/or files: 
[1.945s] -- Added test 'cpplint' to check C / C++ code against the Google style
[1.945s] -- Configured cpplint exclude dirs and/or files: 
[1.951s] -- Added test 'flake8' to check Python code syntax and style conventions
[1.959s] -- Added test 'lint_cmake' to check CMake code style
[1.963s] -- Added test 'pep257' to check Python code against some of the docstring style conventions in PEP 257
[1.983s] -- Added test 'uncrustify' to check C / C++ code style
[1.983s] -- Configured uncrustify additional arguments: 
[1.985s] -- Added test 'xmllint' to check XML markup files
[1.986s] -- Configuring done
[1.993s] -- Generating done
[1.996s] -- Build files have been written to: /home/max/bebop_ws/build/ros_vrpn_client
[2.004s] Invoked command in '/home/max/bebop_ws/build/ros_vrpn_client' returned '0': CMAKE_PREFIX_PATH=/opt/ros/humble /usr/bin/cmake /home/max/bebop_ws/src/ros_vrpn_client -DCMAKE_INSTALL_PREFIX=/home/max/bebop_ws/install/ros_vrpn_client
[2.004s] Invoking command in '/home/max/bebop_ws/build/ros_vrpn_client': CMAKE_PREFIX_PATH=/opt/ros/humble /usr/bin/cmake --build /home/max/bebop_ws/build/ros_vrpn_client -- -j16 -l16
[2.069s] [  7%] [32mBuilding CXX object CMakeFiles/ros_vrpn_client.dir/vrpn/vrpn_Thread.C.o[0m
[2.069s] [ 15%] [32mBuilding C object CMakeFiles/ros_vrpn_client.dir/vrpn/quat/quat.c.o[0m
[2.070s] [ 23%] [32mBuilding CXX object CMakeFiles/ros_vrpn_client.dir/vrpn/vrpn_Connection.C.o[0m
[2.070s] [ 30%] [32mBuilding CXX object CMakeFiles/ros_vrpn_client.dir/vrpn/vrpn_Tracker.C.o[0m
[2.070s] [ 38%] [32mBuilding CXX object CMakeFiles/ros_vrpn_client.dir/src/ros_vrpn_client.cpp.o[0m
[2.072s] [ 46%] [32mBuilding CXX object CMakeFiles/ros_vrpn_client.dir/vrpn/vrpn_EndpointContainer.C.o[0m
[2.072s] [ 53%] [32mBuilding C object CMakeFiles/ros_vrpn_client.dir/vrpn/quat/vector.c.o[0m
[2.073s] [ 61%] [32mBuilding C object CMakeFiles/ros_vrpn_client.dir/vrpn/quat/matrix.c.o[0m
[2.075s] [ 76%] [32mBuilding CXX object CMakeFiles/ros_vrpn_client.dir/vrpn/vrpn_Shared.C.o[0m
[2.075s] [ 76%] [32mBuilding CXX object CMakeFiles/ros_vrpn_client.dir/vrpn/vrpn_BaseClass.C.o[0m
[2.075s] [ 84%] [32mBuilding CXX object CMakeFiles/ros_vrpn_client.dir/vrpn/vrpn_FileConnection.C.o[0m
[2.076s] [ 92%] [32mBuilding CXX object CMakeFiles/ros_vrpn_client.dir/vrpn/vrpn_Serial.C.o[0m
[2.328s] [01m[K/home/max/bebop_ws/src/ros_vrpn_client/vrpn/vrpn_EndpointContainer.C:[m[K In member function ‘[01m[Kvoid vrpn::EndpointContainer::compact_()[m[K’:
[2.328s] [01m[K/home/max/bebop_ws/src/ros_vrpn_client/vrpn/vrpn_EndpointContainer.C:91:19:[m[K [01;35m[Kwarning: [m[Kunused variable ‘[01m[Kbefore[m[K’ [[01;35m[K]8;;https://gcc.gnu.org/onlinedocs/gcc/Warning-Options.html#index-Wunused-variable-Wunused-variable]8;;[m[K]
[2.328s]    91 |         size_type [01;35m[Kbefore[m[K = get_full_container_size();
[2.328s]       |                   [01;35m[K^~~~~~[m[K
[5.143s] [100%] [32m[1mLinking CXX executable ros_vrpn_client[0m
[5.399s] [100%] Built target ros_vrpn_client
[5.411s] Invoked command in '/home/max/bebop_ws/build/ros_vrpn_client' returned '0': CMAKE_PREFIX_PATH=/opt/ros/humble /usr/bin/cmake --build /home/max/bebop_ws/build/ros_vrpn_client -- -j16 -l16
[5.426s] Invoking command in '/home/max/bebop_ws/build/ros_vrpn_client': CMAKE_PREFIX_PATH=/opt/ros/humble /usr/bin/cmake --install /home/max/bebop_ws/build/ros_vrpn_client
[5.437s] -- Install configuration: ""
[5.437s] -- Installing: /home/max/bebop_ws/install/ros_vrpn_client/share/ament_index/resource_index/package_run_dependencies/ros_vrpn_client
[5.438s] -- Installing: /home/max/bebop_ws/install/ros_vrpn_client/share/ament_index/resource_index/parent_prefix_path/ros_vrpn_client
[5.438s] -- Installing: /home/max/bebop_ws/install/ros_vrpn_client/share/ros_vrpn_client/environment/ament_prefix_path.sh
[5.438s] -- Installing: /home/max/bebop_ws/install/ros_vrpn_client/share/ros_vrpn_client/environment/ament_prefix_path.dsv
[5.438s] -- Installing: /home/max/bebop_ws/install/ros_vrpn_client/share/ros_vrpn_client/environment/path.sh
[5.439s] -- Installing: /home/max/bebop_ws/install/ros_vrpn_client/share/ros_vrpn_client/environment/path.dsv
[5.439s] -- Installing: /home/max/bebop_ws/install/ros_vrpn_client/share/ros_vrpn_client/local_setup.bash
[5.439s] -- Installing: /home/max/bebop_ws/install/ros_vrpn_client/share/ros_vrpn_client/local_setup.sh
[5.439s] -- Installing: /home/max/bebop_ws/install/ros_vrpn_client/share/ros_vrpn_client/local_setup.zsh
[5.439s] -- Installing: /home/max/bebop_ws/install/ros_vrpn_client/share/ros_vrpn_client/local_setup.dsv
[5.439s] -- Installing: /home/max/bebop_ws/install/ros_vrpn_client/share/ros_vrpn_client/package.dsv
[5.439s] -- Installing: /home/max/bebop_ws/install/ros_vrpn_client/share/ament_index/resource_index/packages/ros_vrpn_client
[5.440s] -- Installing: /home/max/bebop_ws/install/ros_vrpn_client/share/ros_vrpn_client/cmake/ros_vrpn_clientConfig.cmake
[5.440s] -- Installing: /home/max/bebop_ws/install/ros_vrpn_client/share/ros_vrpn_client/cmake/ros_vrpn_clientConfig-version.cmake
[5.440s] -- Installing: /home/max/bebop_ws/install/ros_vrpn_client/share/ros_vrpn_client/package.xml
[5.440s] -- Installing: /home/max/bebop_ws/install/ros_vrpn_client/lib/ros_vrpn_client/ros_vrpn_client
[5.442s] -- Set runtime path of "/home/max/bebop_ws/install/ros_vrpn_client/lib/ros_vrpn_client/ros_vrpn_client" to ""
[5.442s] -- Installing: /home/max/bebop_ws/install/ros_vrpn_client/share/ros_vrpn_client/launch
[5.442s] -- Installing: /home/max/bebop_ws/install/ros_vrpn_client/share/ros_vrpn_client/launch/test.launch
[5.443s] Invoked command in '/home/max/bebop_ws/build/ros_vrpn_client' returned '0': CMAKE_PREFIX_PATH=/opt/ros/humble /usr/bin/cmake --install /home/max/bebop_ws/build/ros_vrpn_client
