[0.013s] Invoking command in '/home/max/bebop_ws/build/bebop_client': CMAKE_PREFIX_PATH=${CMAKE_PREFIX_PATH}:/opt/ros/humble /usr/bin/cmake /home/max/bebop_ws/src/bebop_client -DCMAKE_INSTALL_PREFIX=/home/max/bebop_ws/install/bebop_client
[0.071s] -- The C compiler identification is GNU 11.4.0
[0.133s] -- The CXX compiler identification is GNU 11.4.0
[0.140s] -- Detecting C compiler ABI info
[0.212s] -- Detecting C compiler ABI info - done
[0.227s] -- Check for working C compiler: /usr/bin/cc - skipped
[0.227s] -- Detecting C compile features
[0.228s] -- Detecting C compile features - done
[0.232s] -- Detecting CXX compiler ABI info
[0.310s] -- Detecting CXX compiler ABI info - done
[0.319s] -- Check for working CXX compiler: /usr/bin/c++ - skipped
[0.319s] -- Detecting CXX compile features
[0.319s] -- Detecting CXX compile features - done
[0.321s] -- Found ament_cmake: 1.3.12 (/opt/ros/humble/share/ament_cmake/cmake)
[1.421s] -- Found Python3: /home/max/.pyenv/shims/python3 (found version "3.10.12") found components: Interpreter 
[1.600s] -- Found rclcpp: 16.0.14 (/opt/ros/humble/share/rclcpp/cmake)
[1.649s] -- Found rosidl_generator_c: 3.1.7 (/opt/ros/humble/share/rosidl_generator_c/cmake)
[1.653s] -- Found rosidl_adapter: 3.1.7 (/opt/ros/humble/share/rosidl_adapter/cmake)
[1.660s] -- Found rosidl_generator_cpp: 3.1.7 (/opt/ros/humble/share/rosidl_generator_cpp/cmake)
[1.670s] -- Using all available rosidl_typesupport_c: rosidl_typesupport_fastrtps_c;rosidl_typesupport_introspection_c
[1.685s] -- Using all available rosidl_typesupport_cpp: rosidl_typesupport_fastrtps_cpp;rosidl_typesupport_introspection_cpp
[1.722s] -- Found rmw_implementation_cmake: 6.1.2 (/opt/ros/humble/share/rmw_implementation_cmake/cmake)
[1.724s] -- Found rmw_fastrtps_cpp: 6.2.8 (/opt/ros/humble/share/rmw_fastrtps_cpp/cmake)
[1.825s] -- Found OpenSSL: /usr/lib/x86_64-linux-gnu/libcrypto.so (found version "3.0.2")  
[1.857s] -- Found FastRTPS: /opt/ros/humble/include  
[1.904s] -- Using RMW implementation 'rmw_fastrtps_cpp' as default
[1.911s] -- Looking for pthread.h
[1.979s] -- Looking for pthread.h - found
[1.980s] -- Performing Test CMAKE_HAVE_LIBC_PTHREAD
[2.054s] -- Performing Test CMAKE_HAVE_LIBC_PTHREAD - Success
[2.055s] -- Found Threads: TRUE  
[2.100s] -- Found geometry_msgs: 4.9.0 (/opt/ros/humble/share/geometry_msgs/cmake)
[2.112s] -- Found sensor_msgs: 4.9.0 (/opt/ros/humble/share/sensor_msgs/cmake)
[2.139s] -- Found std_srvs: 4.9.0 (/opt/ros/humble/share/std_srvs/cmake)
[2.328s] -- Configuring done
[2.339s] -- Generating done
[2.344s] -- Build files have been written to: /home/max/bebop_ws/build/bebop_client
[2.354s] Invoked command in '/home/max/bebop_ws/build/bebop_client' returned '0': CMAKE_PREFIX_PATH=${CMAKE_PREFIX_PATH}:/opt/ros/humble /usr/bin/cmake /home/max/bebop_ws/src/bebop_client -DCMAKE_INSTALL_PREFIX=/home/max/bebop_ws/install/bebop_client
[2.356s] Invoking command in '/home/max/bebop_ws/build/bebop_client': CMAKE_PREFIX_PATH=${CMAKE_PREFIX_PATH}:/opt/ros/humble /usr/bin/cmake --build /home/max/bebop_ws/build/bebop_client -- -j16 -l16
[2.398s] [ 33%] [32mBuilding CXX object CMakeFiles/bebop_client_node.dir/src/bebop_client_node.cpp.o[0m
[2.399s] [ 66%] [32mBuilding CXX object CMakeFiles/bebop_client_node.dir/src/BebopClient.cpp.o[0m
[13.116s] [100%] [32m[1mLinking CXX executable bebop_client_node[0m
[13.533s] [100%] Built target bebop_client_node
[13.544s] Invoked command in '/home/max/bebop_ws/build/bebop_client' returned '0': CMAKE_PREFIX_PATH=${CMAKE_PREFIX_PATH}:/opt/ros/humble /usr/bin/cmake --build /home/max/bebop_ws/build/bebop_client -- -j16 -l16
[13.547s] Invoking command in '/home/max/bebop_ws/build/bebop_client': CMAKE_PREFIX_PATH=${CMAKE_PREFIX_PATH}:/opt/ros/humble /usr/bin/cmake --install /home/max/bebop_ws/build/bebop_client
[13.553s] -- Install configuration: ""
[13.553s] -- Installing: /home/max/bebop_ws/install/bebop_client/lib/bebop_client/bebop_client_node
[13.556s] -- Set runtime path of "/home/max/bebop_ws/install/bebop_client/lib/bebop_client/bebop_client_node" to ""
[13.556s] -- Installing: /home/max/bebop_ws/install/bebop_client/share/bebop_client//launch
[13.556s] -- Installing: /home/max/bebop_ws/install/bebop_client/share/bebop_client//launch/client_debug.launch.py
[13.556s] -- Installing: /home/max/bebop_ws/install/bebop_client/share/ament_index/resource_index/package_run_dependencies/bebop_client
[13.556s] -- Installing: /home/max/bebop_ws/install/bebop_client/share/ament_index/resource_index/parent_prefix_path/bebop_client
[13.557s] -- Installing: /home/max/bebop_ws/install/bebop_client/share/bebop_client/environment/ament_prefix_path.sh
[13.557s] -- Installing: /home/max/bebop_ws/install/bebop_client/share/bebop_client/environment/ament_prefix_path.dsv
[13.557s] -- Installing: /home/max/bebop_ws/install/bebop_client/share/bebop_client/environment/path.sh
[13.557s] -- Installing: /home/max/bebop_ws/install/bebop_client/share/bebop_client/environment/path.dsv
[13.557s] -- Installing: /home/max/bebop_ws/install/bebop_client/share/bebop_client/local_setup.bash
[13.557s] -- Installing: /home/max/bebop_ws/install/bebop_client/share/bebop_client/local_setup.sh
[13.557s] -- Installing: /home/max/bebop_ws/install/bebop_client/share/bebop_client/local_setup.zsh
[13.557s] -- Installing: /home/max/bebop_ws/install/bebop_client/share/bebop_client/local_setup.dsv
[13.557s] -- Installing: /home/max/bebop_ws/install/bebop_client/share/bebop_client/package.dsv
[13.557s] -- Installing: /home/max/bebop_ws/install/bebop_client/share/ament_index/resource_index/packages/bebop_client
[13.558s] -- Installing: /home/max/bebop_ws/install/bebop_client/share/bebop_client/cmake/bebop_clientConfig.cmake
[13.558s] -- Installing: /home/max/bebop_ws/install/bebop_client/share/bebop_client/cmake/bebop_clientConfig-version.cmake
[13.558s] -- Installing: /home/max/bebop_ws/install/bebop_client/share/bebop_client/package.xml
[13.560s] Invoked command in '/home/max/bebop_ws/build/bebop_client' returned '0': CMAKE_PREFIX_PATH=${CMAKE_PREFIX_PATH}:/opt/ros/humble /usr/bin/cmake --install /home/max/bebop_ws/build/bebop_client
