[0.105s] DEBUG:colcon:Command line arguments: ['/usr/bin/colcon', 'build', '--packages-select', 'ros_vrpn_client']
[0.105s] DEBUG:colcon:Parsed command line arguments: Namespace(log_base=None, log_level=None, verb_name='build', build_base='build', install_base='install', merge_install=False, symlink_install=False, test_result_base=None, continue_on_error=False, executor='parallel', parallel_workers=16, event_handlers=None, ignore_user_meta=False, metas=['./colcon.meta'], base_paths=['.'], packages_ignore=None, packages_ignore_regex=None, paths=None, packages_up_to=None, packages_up_to_regex=None, packages_above=None, packages_above_and_dependencies=None, packages_above_depth=None, packages_select_by_dep=None, packages_skip_by_dep=None, packages_skip_up_to=None, packages_select_build_failed=False, packages_skip_build_finished=False, packages_select_test_failures=False, packages_skip_test_passed=False, packages_select=['ros_vrpn_client'], packages_skip=None, packages_select_regex=None, packages_skip_regex=None, packages_start=None, packages_end=None, allow_overriding=[], cmake_args=None, cmake_target=None, cmake_target_skip_unavailable=False, cmake_clean_cache=False, cmake_clean_first=False, cmake_force_configure=False, ament_cmake_args=None, catkin_cmake_args=None, catkin_skip_building_tests=False, mixin_files=None, mixin=None, verb_parser=<colcon_mixin.mixin.mixin_argument.MixinArgumentDecorator object at 0x7ee645d706d0>, verb_extension=<colcon_core.verb.build.BuildVerb object at 0x7ee645d33c70>, main=<bound method BuildVerb.main of <colcon_core.verb.build.BuildVerb object at 0x7ee645d33c70>>, mixin_verb=('build',))
[0.262s] Level 1:colcon.colcon_core.package_discovery:discover_packages(colcon_meta) check parameters
[0.262s] Level 1:colcon.colcon_core.package_discovery:discover_packages(recursive) check parameters
[0.262s] Level 1:colcon.colcon_core.package_discovery:discover_packages(ignore) check parameters
[0.262s] Level 1:colcon.colcon_core.package_discovery:discover_packages(path) check parameters
[0.262s] Level 1:colcon.colcon_core.package_discovery:discover_packages(colcon_meta) discover
[0.262s] Level 1:colcon.colcon_core.package_discovery:discover_packages(recursive) discover
[0.262s] INFO:colcon.colcon_core.package_discovery:Crawling recursively for packages in '/home/max/bebop_ws'
[0.262s] Level 1:colcon.colcon_core.package_identification:_identify(.) by extensions ['ignore', 'ignore_ament_install']
[0.262s] Level 1:colcon.colcon_core.package_identification:_identify(.) by extension 'ignore'
[0.262s] Level 1:colcon.colcon_core.package_identification:_identify(.) by extension 'ignore_ament_install'
[0.262s] Level 1:colcon.colcon_core.package_identification:_identify(.) by extensions ['colcon_pkg']
[0.262s] Level 1:colcon.colcon_core.package_identification:_identify(.) by extension 'colcon_pkg'
[0.262s] Level 1:colcon.colcon_core.package_identification:_identify(.) by extensions ['colcon_meta']
[0.262s] Level 1:colcon.colcon_core.package_identification:_identify(.) by extension 'colcon_meta'
[0.262s] Level 1:colcon.colcon_core.package_identification:_identify(.) by extensions ['ros']
[0.262s] Level 1:colcon.colcon_core.package_identification:_identify(.) by extension 'ros'
[0.270s] Level 1:colcon.colcon_core.package_identification:_identify(.) by extensions ['cmake', 'python']
[0.270s] Level 1:colcon.colcon_core.package_identification:_identify(.) by extension 'cmake'
[0.270s] Level 1:colcon.colcon_core.package_identification:_identify(.) by extension 'python'
[0.270s] Level 1:colcon.colcon_core.package_identification:_identify(.) by extensions ['python_setup_py']
[0.270s] Level 1:colcon.colcon_core.package_identification:_identify(.) by extension 'python_setup_py'
[0.270s] Level 1:colcon.colcon_core.package_identification:_identify(build) by extensions ['ignore', 'ignore_ament_install']
[0.270s] Level 1:colcon.colcon_core.package_identification:_identify(build) by extension 'ignore'
[0.271s] Level 1:colcon.colcon_core.package_identification:_identify(build) ignored
[0.271s] Level 1:colcon.colcon_core.package_identification:_identify(install) by extensions ['ignore', 'ignore_ament_install']
[0.271s] Level 1:colcon.colcon_core.package_identification:_identify(install) by extension 'ignore'
[0.271s] Level 1:colcon.colcon_core.package_identification:_identify(install) ignored
[0.271s] Level 1:colcon.colcon_core.package_identification:_identify(log) by extensions ['ignore', 'ignore_ament_install']
[0.271s] Level 1:colcon.colcon_core.package_identification:_identify(log) by extension 'ignore'
[0.271s] Level 1:colcon.colcon_core.package_identification:_identify(log) ignored
[0.271s] Level 1:colcon.colcon_core.package_identification:_identify(src) by extensions ['ignore', 'ignore_ament_install']
[0.271s] Level 1:colcon.colcon_core.package_identification:_identify(src) by extension 'ignore'
[0.271s] Level 1:colcon.colcon_core.package_identification:_identify(src) by extension 'ignore_ament_install'
[0.271s] Level 1:colcon.colcon_core.package_identification:_identify(src) by extensions ['colcon_pkg']
[0.271s] Level 1:colcon.colcon_core.package_identification:_identify(src) by extension 'colcon_pkg'
[0.271s] Level 1:colcon.colcon_core.package_identification:_identify(src) by extensions ['colcon_meta']
[0.271s] Level 1:colcon.colcon_core.package_identification:_identify(src) by extension 'colcon_meta'
[0.271s] Level 1:colcon.colcon_core.package_identification:_identify(src) by extensions ['ros']
[0.271s] Level 1:colcon.colcon_core.package_identification:_identify(src) by extension 'ros'
[0.271s] Level 1:colcon.colcon_core.package_identification:_identify(src) by extensions ['cmake', 'python']
[0.271s] Level 1:colcon.colcon_core.package_identification:_identify(src) by extension 'cmake'
[0.271s] Level 1:colcon.colcon_core.package_identification:_identify(src) by extension 'python'
[0.271s] Level 1:colcon.colcon_core.package_identification:_identify(src) by extensions ['python_setup_py']
[0.271s] Level 1:colcon.colcon_core.package_identification:_identify(src) by extension 'python_setup_py'
[0.271s] Level 1:colcon.colcon_core.package_identification:_identify(src/bebop_client) by extensions ['ignore', 'ignore_ament_install']
[0.271s] Level 1:colcon.colcon_core.package_identification:_identify(src/bebop_client) by extension 'ignore'
[0.271s] Level 1:colcon.colcon_core.package_identification:_identify(src/bebop_client) by extension 'ignore_ament_install'
[0.271s] Level 1:colcon.colcon_core.package_identification:_identify(src/bebop_client) by extensions ['colcon_pkg']
[0.271s] Level 1:colcon.colcon_core.package_identification:_identify(src/bebop_client) by extension 'colcon_pkg'
[0.271s] Level 1:colcon.colcon_core.package_identification:_identify(src/bebop_client) by extensions ['colcon_meta']
[0.271s] Level 1:colcon.colcon_core.package_identification:_identify(src/bebop_client) by extension 'colcon_meta'
[0.271s] Level 1:colcon.colcon_core.package_identification:_identify(src/bebop_client) by extensions ['ros']
[0.271s] Level 1:colcon.colcon_core.package_identification:_identify(src/bebop_client) by extension 'ros'
[0.273s] DEBUG:colcon.colcon_core.package_identification:Package 'src/bebop_client' with type 'ros.ament_cmake' and name 'bebop_client'
[0.273s] Level 1:colcon.colcon_core.package_identification:_identify(src/bebop_server) by extensions ['ignore', 'ignore_ament_install']
[0.273s] Level 1:colcon.colcon_core.package_identification:_identify(src/bebop_server) by extension 'ignore'
[0.273s] Level 1:colcon.colcon_core.package_identification:_identify(src/bebop_server) by extension 'ignore_ament_install'
[0.273s] Level 1:colcon.colcon_core.package_identification:_identify(src/bebop_server) by extensions ['colcon_pkg']
[0.273s] Level 1:colcon.colcon_core.package_identification:_identify(src/bebop_server) by extension 'colcon_pkg'
[0.273s] Level 1:colcon.colcon_core.package_identification:_identify(src/bebop_server) by extensions ['colcon_meta']
[0.273s] Level 1:colcon.colcon_core.package_identification:_identify(src/bebop_server) by extension 'colcon_meta'
[0.273s] Level 1:colcon.colcon_core.package_identification:_identify(src/bebop_server) by extensions ['ros']
[0.273s] Level 1:colcon.colcon_core.package_identification:_identify(src/bebop_server) by extension 'ros'
[0.274s] DEBUG:colcon.colcon_core.package_identification:Package 'src/bebop_server' with type 'ros.ament_cmake' and name 'bebop_server'
[0.274s] Level 1:colcon.colcon_core.package_identification:_identify(src/bebop_teleop) by extensions ['ignore', 'ignore_ament_install']
[0.274s] Level 1:colcon.colcon_core.package_identification:_identify(src/bebop_teleop) by extension 'ignore'
[0.274s] Level 1:colcon.colcon_core.package_identification:_identify(src/bebop_teleop) by extension 'ignore_ament_install'
[0.274s] Level 1:colcon.colcon_core.package_identification:_identify(src/bebop_teleop) by extensions ['colcon_pkg']
[0.274s] Level 1:colcon.colcon_core.package_identification:_identify(src/bebop_teleop) by extension 'colcon_pkg'
[0.274s] Level 1:colcon.colcon_core.package_identification:_identify(src/bebop_teleop) by extensions ['colcon_meta']
[0.274s] Level 1:colcon.colcon_core.package_identification:_identify(src/bebop_teleop) by extension 'colcon_meta'
[0.274s] Level 1:colcon.colcon_core.package_identification:_identify(src/bebop_teleop) by extensions ['ros']
[0.274s] Level 1:colcon.colcon_core.package_identification:_identify(src/bebop_teleop) by extension 'ros'
[0.274s] DEBUG:colcon.colcon_core.package_identification:Package 'src/bebop_teleop' with type 'ros.ament_cmake' and name 'bebop_teleop'
[0.274s] Level 1:colcon.colcon_core.package_identification:_identify(src/ros2_bebop_driver) by extensions ['ignore', 'ignore_ament_install']
[0.274s] Level 1:colcon.colcon_core.package_identification:_identify(src/ros2_bebop_driver) by extension 'ignore'
[0.274s] Level 1:colcon.colcon_core.package_identification:_identify(src/ros2_bebop_driver) by extension 'ignore_ament_install'
[0.274s] Level 1:colcon.colcon_core.package_identification:_identify(src/ros2_bebop_driver) by extensions ['colcon_pkg']
[0.274s] Level 1:colcon.colcon_core.package_identification:_identify(src/ros2_bebop_driver) by extension 'colcon_pkg'
[0.274s] Level 1:colcon.colcon_core.package_identification:_identify(src/ros2_bebop_driver) by extensions ['colcon_meta']
[0.274s] Level 1:colcon.colcon_core.package_identification:_identify(src/ros2_bebop_driver) by extension 'colcon_meta'
[0.274s] Level 1:colcon.colcon_core.package_identification:_identify(src/ros2_bebop_driver) by extensions ['ros']
[0.275s] Level 1:colcon.colcon_core.package_identification:_identify(src/ros2_bebop_driver) by extension 'ros'
[0.275s] DEBUG:colcon.colcon_core.package_identification:Package 'src/ros2_bebop_driver' with type 'ros.ament_cmake' and name 'ros2_bebop_driver'
[0.275s] Level 1:colcon.colcon_core.package_identification:_identify(src/ros2_parrot_arsdk) by extensions ['ignore', 'ignore_ament_install']
[0.275s] Level 1:colcon.colcon_core.package_identification:_identify(src/ros2_parrot_arsdk) by extension 'ignore'
[0.275s] Level 1:colcon.colcon_core.package_identification:_identify(src/ros2_parrot_arsdk) by extension 'ignore_ament_install'
[0.275s] Level 1:colcon.colcon_core.package_identification:_identify(src/ros2_parrot_arsdk) by extensions ['colcon_pkg']
[0.275s] Level 1:colcon.colcon_core.package_identification:_identify(src/ros2_parrot_arsdk) by extension 'colcon_pkg'
[0.275s] Level 1:colcon.colcon_core.package_identification:_identify(src/ros2_parrot_arsdk) by extensions ['colcon_meta']
[0.275s] Level 1:colcon.colcon_core.package_identification:_identify(src/ros2_parrot_arsdk) by extension 'colcon_meta'
[0.275s] Level 1:colcon.colcon_core.package_identification:_identify(src/ros2_parrot_arsdk) by extensions ['ros']
[0.275s] Level 1:colcon.colcon_core.package_identification:_identify(src/ros2_parrot_arsdk) by extension 'ros'
[0.275s] DEBUG:colcon.colcon_core.package_identification:Package 'src/ros2_parrot_arsdk' with type 'ros.ament_cmake' and name 'ros2_parrot_arsdk'
[0.275s] Level 1:colcon.colcon_core.package_identification:_identify(src/ros_vrpn_client) by extensions ['ignore', 'ignore_ament_install']
[0.275s] Level 1:colcon.colcon_core.package_identification:_identify(src/ros_vrpn_client) by extension 'ignore'
[0.276s] Level 1:colcon.colcon_core.package_identification:_identify(src/ros_vrpn_client) by extension 'ignore_ament_install'
[0.276s] Level 1:colcon.colcon_core.package_identification:_identify(src/ros_vrpn_client) by extensions ['colcon_pkg']
[0.276s] Level 1:colcon.colcon_core.package_identification:_identify(src/ros_vrpn_client) by extension 'colcon_pkg'
[0.276s] Level 1:colcon.colcon_core.package_identification:_identify(src/ros_vrpn_client) by extensions ['colcon_meta']
[0.276s] Level 1:colcon.colcon_core.package_identification:_identify(src/ros_vrpn_client) by extension 'colcon_meta'
[0.276s] Level 1:colcon.colcon_core.package_identification:_identify(src/ros_vrpn_client) by extensions ['ros']
[0.276s] Level 1:colcon.colcon_core.package_identification:_identify(src/ros_vrpn_client) by extension 'ros'
[0.276s] DEBUG:colcon.colcon_core.package_identification:Package 'src/ros_vrpn_client' with type 'ros.ament_cmake' and name 'ros_vrpn_client'
[0.276s] Level 1:colcon.colcon_core.package_discovery:discover_packages(recursive) using defaults
[0.276s] Level 1:colcon.colcon_core.package_discovery:discover_packages(ignore) discover
[0.276s] Level 1:colcon.colcon_core.package_discovery:discover_packages(ignore) using defaults
[0.276s] Level 1:colcon.colcon_core.package_discovery:discover_packages(path) discover
[0.276s] Level 1:colcon.colcon_core.package_discovery:discover_packages(path) using defaults
[0.288s] INFO:colcon.colcon_core.package_selection:Skipping not selected package 'bebop_client' in 'src/bebop_client'
[0.288s] INFO:colcon.colcon_core.package_selection:Skipping not selected package 'bebop_server' in 'src/bebop_server'
[0.288s] INFO:colcon.colcon_core.package_selection:Skipping not selected package 'bebop_teleop' in 'src/bebop_teleop'
[0.288s] INFO:colcon.colcon_core.package_selection:Skipping not selected package 'ros2_parrot_arsdk' in 'src/ros2_parrot_arsdk'
[0.288s] INFO:colcon.colcon_core.package_selection:Skipping not selected package 'ros2_bebop_driver' in 'src/ros2_bebop_driver'
[0.288s] Level 1:colcon.colcon_core.package_discovery:discover_packages(prefix_path) check parameters
[0.288s] Level 1:colcon.colcon_core.package_discovery:discover_packages(prefix_path) discover
[0.289s] DEBUG:colcon.colcon_installed_package_information.package_discovery:Found 297 installed packages in /opt/ros/humble
[0.290s] Level 1:colcon.colcon_core.package_discovery:discover_packages(prefix_path) using defaults
[0.312s] Level 5:colcon.colcon_core.verb:set package 'ros_vrpn_client' build argument 'cmake_args' from command line to 'None'
[0.312s] Level 5:colcon.colcon_core.verb:set package 'ros_vrpn_client' build argument 'cmake_target' from command line to 'None'
[0.312s] Level 5:colcon.colcon_core.verb:set package 'ros_vrpn_client' build argument 'cmake_target_skip_unavailable' from command line to 'False'
[0.312s] Level 5:colcon.colcon_core.verb:set package 'ros_vrpn_client' build argument 'cmake_clean_cache' from command line to 'False'
[0.312s] Level 5:colcon.colcon_core.verb:set package 'ros_vrpn_client' build argument 'cmake_clean_first' from command line to 'False'
[0.312s] Level 5:colcon.colcon_core.verb:set package 'ros_vrpn_client' build argument 'cmake_force_configure' from command line to 'False'
[0.312s] Level 5:colcon.colcon_core.verb:set package 'ros_vrpn_client' build argument 'ament_cmake_args' from command line to 'None'
[0.312s] Level 5:colcon.colcon_core.verb:set package 'ros_vrpn_client' build argument 'catkin_cmake_args' from command line to 'None'
[0.312s] Level 5:colcon.colcon_core.verb:set package 'ros_vrpn_client' build argument 'catkin_skip_building_tests' from command line to 'False'
[0.312s] DEBUG:colcon.colcon_core.verb:Building package 'ros_vrpn_client' with the following arguments: {'ament_cmake_args': None, 'build_base': '/home/max/bebop_ws/build/ros_vrpn_client', 'catkin_cmake_args': None, 'catkin_skip_building_tests': False, 'cmake_args': None, 'cmake_clean_cache': False, 'cmake_clean_first': False, 'cmake_force_configure': False, 'cmake_target': None, 'cmake_target_skip_unavailable': False, 'install_base': '/home/max/bebop_ws/install/ros_vrpn_client', 'merge_install': False, 'path': '/home/max/bebop_ws/src/ros_vrpn_client', 'symlink_install': False, 'test_result_base': None}
[0.312s] INFO:colcon.colcon_core.executor:Executing jobs using 'parallel' executor
[0.313s] DEBUG:colcon.colcon_parallel_executor.executor.parallel:run_until_complete
[0.313s] INFO:colcon.colcon_ros.task.ament_cmake.build:Building ROS package in '/home/max/bebop_ws/src/ros_vrpn_client' with build type 'ament_cmake'
[0.313s] INFO:colcon.colcon_cmake.task.cmake.build:Building CMake package in '/home/max/bebop_ws/src/ros_vrpn_client'
[0.314s] INFO:colcon.colcon_core.plugin_system:Skipping extension 'colcon_core.shell.bat': Not used on non-Windows systems
[0.314s] INFO:colcon.colcon_core.shell:Skip shell extension 'powershell' for command environment: Not usable outside of PowerShell
[0.314s] DEBUG:colcon.colcon_core.shell:Skip shell extension 'dsv' for command environment
[0.318s] DEBUG:colcon.colcon_core.event_handler.log_command:Invoking command in '/home/max/bebop_ws/build/ros_vrpn_client': CMAKE_PREFIX_PATH=/opt/ros/humble /usr/bin/cmake /home/max/bebop_ws/src/ros_vrpn_client -DCMAKE_INSTALL_PREFIX=/home/max/bebop_ws/install/ros_vrpn_client
[2.317s] DEBUG:colcon.colcon_core.event_handler.log_command:Invoked command in '/home/max/bebop_ws/build/ros_vrpn_client' returned '0': CMAKE_PREFIX_PATH=/opt/ros/humble /usr/bin/cmake /home/max/bebop_ws/src/ros_vrpn_client -DCMAKE_INSTALL_PREFIX=/home/max/bebop_ws/install/ros_vrpn_client
[2.317s] DEBUG:colcon.colcon_core.event_handler.log_command:Invoking command in '/home/max/bebop_ws/build/ros_vrpn_client': CMAKE_PREFIX_PATH=/opt/ros/humble /usr/bin/cmake --build /home/max/bebop_ws/build/ros_vrpn_client -- -j16 -l16
[5.724s] DEBUG:colcon.colcon_core.event_handler.log_command:Invoked command in '/home/max/bebop_ws/build/ros_vrpn_client' returned '0': CMAKE_PREFIX_PATH=/opt/ros/humble /usr/bin/cmake --build /home/max/bebop_ws/build/ros_vrpn_client -- -j16 -l16
[5.739s] DEBUG:colcon.colcon_core.event_handler.log_command:Invoking command in '/home/max/bebop_ws/build/ros_vrpn_client': CMAKE_PREFIX_PATH=/opt/ros/humble /usr/bin/cmake --install /home/max/bebop_ws/build/ros_vrpn_client
[5.755s] Level 1:colcon.colcon_core.environment:create_environment_scripts_only(ros_vrpn_client)
[5.755s] DEBUG:colcon.colcon_core.event_handler.log_command:Invoked command in '/home/max/bebop_ws/build/ros_vrpn_client' returned '0': CMAKE_PREFIX_PATH=/opt/ros/humble /usr/bin/cmake --install /home/max/bebop_ws/build/ros_vrpn_client
[5.757s] Level 1:colcon.colcon_core.environment:checking '/home/max/bebop_ws/install/ros_vrpn_client' for CMake module files
[5.757s] Level 1:colcon.colcon_core.environment:checking '/home/max/bebop_ws/install/ros_vrpn_client' for CMake config files
[5.757s] Level 1:colcon.colcon_core.shell:create_environment_hook('ros_vrpn_client', 'cmake_prefix_path')
[5.757s] INFO:colcon.colcon_core.shell:Creating environment hook '/home/max/bebop_ws/install/ros_vrpn_client/share/ros_vrpn_client/hook/cmake_prefix_path.ps1'
[5.758s] INFO:colcon.colcon_core.shell:Creating environment descriptor '/home/max/bebop_ws/install/ros_vrpn_client/share/ros_vrpn_client/hook/cmake_prefix_path.dsv'
[5.758s] INFO:colcon.colcon_core.shell:Creating environment hook '/home/max/bebop_ws/install/ros_vrpn_client/share/ros_vrpn_client/hook/cmake_prefix_path.sh'
[5.759s] Level 1:colcon.colcon_core.environment:checking '/home/max/bebop_ws/install/ros_vrpn_client/lib'
[5.759s] Level 1:colcon.colcon_core.environment:checking '/home/max/bebop_ws/install/ros_vrpn_client/bin'
[5.759s] Level 1:colcon.colcon_core.environment:checking '/home/max/bebop_ws/install/ros_vrpn_client/lib/pkgconfig/ros_vrpn_client.pc'
[5.759s] Level 1:colcon.colcon_core.environment:checking '/home/max/bebop_ws/install/ros_vrpn_client/lib/python3.10/site-packages'
[5.759s] Level 1:colcon.colcon_core.environment:checking '/home/max/bebop_ws/install/ros_vrpn_client/bin'
[5.759s] INFO:colcon.colcon_core.shell:Creating package script '/home/max/bebop_ws/install/ros_vrpn_client/share/ros_vrpn_client/package.ps1'
[5.760s] INFO:colcon.colcon_core.shell:Creating package descriptor '/home/max/bebop_ws/install/ros_vrpn_client/share/ros_vrpn_client/package.dsv'
[5.760s] INFO:colcon.colcon_core.shell:Creating package script '/home/max/bebop_ws/install/ros_vrpn_client/share/ros_vrpn_client/package.sh'
[5.760s] INFO:colcon.colcon_core.shell:Creating package script '/home/max/bebop_ws/install/ros_vrpn_client/share/ros_vrpn_client/package.bash'
[5.761s] INFO:colcon.colcon_core.shell:Creating package script '/home/max/bebop_ws/install/ros_vrpn_client/share/ros_vrpn_client/package.zsh'
[5.761s] Level 1:colcon.colcon_core.environment:create_file_with_runtime_dependencies(/home/max/bebop_ws/install/ros_vrpn_client/share/colcon-core/packages/ros_vrpn_client)
[5.761s] Level 1:colcon.colcon_core.environment:create_environment_scripts_only(ros_vrpn_client)
[5.761s] Level 1:colcon.colcon_core.environment:checking '/home/max/bebop_ws/install/ros_vrpn_client' for CMake module files
[5.762s] Level 1:colcon.colcon_core.environment:checking '/home/max/bebop_ws/install/ros_vrpn_client' for CMake config files
[5.762s] Level 1:colcon.colcon_core.shell:create_environment_hook('ros_vrpn_client', 'cmake_prefix_path')
[5.762s] INFO:colcon.colcon_core.shell:Creating environment hook '/home/max/bebop_ws/install/ros_vrpn_client/share/ros_vrpn_client/hook/cmake_prefix_path.ps1'
[5.762s] INFO:colcon.colcon_core.shell:Creating environment descriptor '/home/max/bebop_ws/install/ros_vrpn_client/share/ros_vrpn_client/hook/cmake_prefix_path.dsv'
[5.762s] INFO:colcon.colcon_core.shell:Creating environment hook '/home/max/bebop_ws/install/ros_vrpn_client/share/ros_vrpn_client/hook/cmake_prefix_path.sh'
[5.762s] Level 1:colcon.colcon_core.environment:checking '/home/max/bebop_ws/install/ros_vrpn_client/lib'
[5.763s] Level 1:colcon.colcon_core.environment:checking '/home/max/bebop_ws/install/ros_vrpn_client/bin'
[5.763s] Level 1:colcon.colcon_core.environment:checking '/home/max/bebop_ws/install/ros_vrpn_client/lib/pkgconfig/ros_vrpn_client.pc'
[5.763s] Level 1:colcon.colcon_core.environment:checking '/home/max/bebop_ws/install/ros_vrpn_client/lib/python3.10/site-packages'
[5.763s] Level 1:colcon.colcon_core.environment:checking '/home/max/bebop_ws/install/ros_vrpn_client/bin'
[5.763s] INFO:colcon.colcon_core.shell:Creating package script '/home/max/bebop_ws/install/ros_vrpn_client/share/ros_vrpn_client/package.ps1'
[5.763s] INFO:colcon.colcon_core.shell:Creating package descriptor '/home/max/bebop_ws/install/ros_vrpn_client/share/ros_vrpn_client/package.dsv'
[5.763s] INFO:colcon.colcon_core.shell:Creating package script '/home/max/bebop_ws/install/ros_vrpn_client/share/ros_vrpn_client/package.sh'
[5.764s] INFO:colcon.colcon_core.shell:Creating package script '/home/max/bebop_ws/install/ros_vrpn_client/share/ros_vrpn_client/package.bash'
[5.764s] INFO:colcon.colcon_core.shell:Creating package script '/home/max/bebop_ws/install/ros_vrpn_client/share/ros_vrpn_client/package.zsh'
[5.764s] Level 1:colcon.colcon_core.environment:create_file_with_runtime_dependencies(/home/max/bebop_ws/install/ros_vrpn_client/share/colcon-core/packages/ros_vrpn_client)
[5.764s] DEBUG:colcon.colcon_parallel_executor.executor.parallel:closing loop
[5.764s] DEBUG:colcon.colcon_parallel_executor.executor.parallel:loop closed
[5.764s] DEBUG:colcon.colcon_parallel_executor.executor.parallel:run_until_complete finished with '0'
[5.764s] DEBUG:colcon.colcon_core.event_reactor:joining thread
[5.767s] INFO:colcon.colcon_core.plugin_system:Skipping extension 'colcon_notification.desktop_notification.terminal_notifier': Not used on non-Darwin systems
[5.767s] INFO:colcon.colcon_core.plugin_system:Skipping extension 'colcon_notification.desktop_notification.win32': Not used on non-Windows systems
[5.767s] INFO:colcon.colcon_notification.desktop_notification:Sending desktop notification using 'notify2'
[5.775s] DEBUG:colcon.colcon_core.event_reactor:joined thread
[5.775s] INFO:colcon.colcon_core.shell:Creating prefix script '/home/max/bebop_ws/install/local_setup.ps1'
[5.776s] INFO:colcon.colcon_core.shell:Creating prefix util module '/home/max/bebop_ws/install/_local_setup_util_ps1.py'
[5.776s] INFO:colcon.colcon_core.shell:Creating prefix chain script '/home/max/bebop_ws/install/setup.ps1'
[5.777s] INFO:colcon.colcon_core.shell:Creating prefix script '/home/max/bebop_ws/install/local_setup.sh'
[5.777s] INFO:colcon.colcon_core.shell:Creating prefix util module '/home/max/bebop_ws/install/_local_setup_util_sh.py'
[5.778s] INFO:colcon.colcon_core.shell:Creating prefix chain script '/home/max/bebop_ws/install/setup.sh'
[5.778s] INFO:colcon.colcon_core.shell:Creating prefix script '/home/max/bebop_ws/install/local_setup.bash'
[5.779s] INFO:colcon.colcon_core.shell:Creating prefix chain script '/home/max/bebop_ws/install/setup.bash'
[5.779s] INFO:colcon.colcon_core.shell:Creating prefix script '/home/max/bebop_ws/install/local_setup.zsh'
[5.779s] INFO:colcon.colcon_core.shell:Creating prefix chain script '/home/max/bebop_ws/install/setup.zsh'
