[100%] Built target bebop_teleop_node
-- Install configuration: ""
-- Up-to-date: /home/max/bebop_ws/install/bebop_teleop/lib/bebop_teleop/bebop_teleop_node
-- Up-to-date: /home/max/bebop_ws/install/bebop_teleop/share/bebop_teleop//launch
-- Up-to-date: /home/max/bebop_ws/install/bebop_teleop/share/bebop_teleop//launch/single_bebop.launch.py
-- Up-to-date: /home/max/bebop_ws/install/bebop_teleop/share/bebop_teleop//launch/joy_debug.launch.py
-- Up-to-date: /home/max/bebop_ws/install/bebop_teleop/share/bebop_teleop//param
-- Up-to-date: /home/max/bebop_ws/install/bebop_teleop/share/bebop_teleop//param/joy_config.yaml
-- Up-to-date: /home/max/bebop_ws/install/bebop_teleop/share/bebop_teleop//param/xbox_controller.yaml
-- Up-to-date: /home/max/bebop_ws/install/bebop_teleop/share/bebop_teleop//param/sony_dualshock3.yaml
-- Up-to-date: /home/max/bebop_ws/install/bebop_teleop/share/ament_index/resource_index/package_run_dependencies/bebop_teleop
-- Up-to-date: /home/max/bebop_ws/install/bebop_teleop/share/ament_index/resource_index/parent_prefix_path/bebop_teleop
-- Up-to-date: /home/max/bebop_ws/install/bebop_teleop/share/bebop_teleop/environment/ament_prefix_path.sh
-- Up-to-date: /home/max/bebop_ws/install/bebop_teleop/share/bebop_teleop/environment/ament_prefix_path.dsv
-- Up-to-date: /home/max/bebop_ws/install/bebop_teleop/share/bebop_teleop/environment/path.sh
-- Up-to-date: /home/max/bebop_ws/install/bebop_teleop/share/bebop_teleop/environment/path.dsv
-- Up-to-date: /home/max/bebop_ws/install/bebop_teleop/share/bebop_teleop/local_setup.bash
-- Up-to-date: /home/max/bebop_ws/install/bebop_teleop/share/bebop_teleop/local_setup.sh
-- Up-to-date: /home/max/bebop_ws/install/bebop_teleop/share/bebop_teleop/local_setup.zsh
-- Up-to-date: /home/max/bebop_ws/install/bebop_teleop/share/bebop_teleop/local_setup.dsv
-- Installing: /home/max/bebop_ws/install/bebop_teleop/share/bebop_teleop/package.dsv
-- Up-to-date: /home/max/bebop_ws/install/bebop_teleop/share/ament_index/resource_index/packages/bebop_teleop
-- Up-to-date: /home/max/bebop_ws/install/bebop_teleop/share/bebop_teleop/cmake/bebop_teleopConfig.cmake
-- Up-to-date: /home/max/bebop_ws/install/bebop_teleop/share/bebop_teleop/cmake/bebop_teleopConfig-version.cmake
-- Up-to-date: /home/max/bebop_ws/install/bebop_teleop/share/bebop_teleop/package.xml
