[0.012s] Invoking command in '/home/max/bebop_ws/build/bebop_teleop': CMAKE_PREFIX_PATH=${CMAKE_PREFIX_PATH}:/opt/ros/humble /usr/bin/cmake --build /home/max/bebop_ws/build/bebop_teleop -- -j16 -l16
[0.069s] [100%] Built target bebop_teleop_node
[0.079s] Invoked command in '/home/max/bebop_ws/build/bebop_teleop' returned '0': CMAKE_PREFIX_PATH=${CMAKE_PREFIX_PATH}:/opt/ros/humble /usr/bin/cmake --build /home/max/bebop_ws/build/bebop_teleop -- -j16 -l16
[0.090s] Invoking command in '/home/max/bebop_ws/build/bebop_teleop': CMAKE_PREFIX_PATH=${CMAKE_PREFIX_PATH}:/opt/ros/humble /usr/bin/cmake --install /home/max/bebop_ws/build/bebop_teleop
[0.095s] -- Install configuration: ""
[0.096s] -- Up-to-date: /home/max/bebop_ws/install/bebop_teleop/lib/bebop_teleop/bebop_teleop_node
[0.096s] -- Up-to-date: /home/max/bebop_ws/install/bebop_teleop/share/bebop_teleop//launch
[0.096s] -- Up-to-date: /home/max/bebop_ws/install/bebop_teleop/share/bebop_teleop//launch/single_bebop.launch.py
[0.096s] -- Up-to-date: /home/max/bebop_ws/install/bebop_teleop/share/bebop_teleop//launch/joy_debug.launch.py
[0.096s] -- Up-to-date: /home/max/bebop_ws/install/bebop_teleop/share/bebop_teleop//param
[0.097s] -- Up-to-date: /home/max/bebop_ws/install/bebop_teleop/share/bebop_teleop//param/joy_config.yaml
[0.097s] -- Up-to-date: /home/max/bebop_ws/install/bebop_teleop/share/bebop_teleop//param/xbox_controller.yaml
[0.097s] -- Up-to-date: /home/max/bebop_ws/install/bebop_teleop/share/bebop_teleop//param/sony_dualshock3.yaml
[0.097s] -- Up-to-date: /home/max/bebop_ws/install/bebop_teleop/share/ament_index/resource_index/package_run_dependencies/bebop_teleop
[0.097s] -- Up-to-date: /home/max/bebop_ws/install/bebop_teleop/share/ament_index/resource_index/parent_prefix_path/bebop_teleop
[0.097s] -- Up-to-date: /home/max/bebop_ws/install/bebop_teleop/share/bebop_teleop/environment/ament_prefix_path.sh
[0.097s] -- Up-to-date: /home/max/bebop_ws/install/bebop_teleop/share/bebop_teleop/environment/ament_prefix_path.dsv
[0.097s] -- Up-to-date: /home/max/bebop_ws/install/bebop_teleop/share/bebop_teleop/environment/path.sh
[0.097s] -- Up-to-date: /home/max/bebop_ws/install/bebop_teleop/share/bebop_teleop/environment/path.dsv
[0.097s] -- Up-to-date: /home/max/bebop_ws/install/bebop_teleop/share/bebop_teleop/local_setup.bash
[0.097s] -- Up-to-date: /home/max/bebop_ws/install/bebop_teleop/share/bebop_teleop/local_setup.sh
[0.097s] -- Up-to-date: /home/max/bebop_ws/install/bebop_teleop/share/bebop_teleop/local_setup.zsh
[0.097s] -- Up-to-date: /home/max/bebop_ws/install/bebop_teleop/share/bebop_teleop/local_setup.dsv
[0.097s] -- Installing: /home/max/bebop_ws/install/bebop_teleop/share/bebop_teleop/package.dsv
[0.098s] -- Up-to-date: /home/max/bebop_ws/install/bebop_teleop/share/ament_index/resource_index/packages/bebop_teleop
[0.098s] -- Up-to-date: /home/max/bebop_ws/install/bebop_teleop/share/bebop_teleop/cmake/bebop_teleopConfig.cmake
[0.098s] -- Up-to-date: /home/max/bebop_ws/install/bebop_teleop/share/bebop_teleop/cmake/bebop_teleopConfig-version.cmake
[0.098s] -- Up-to-date: /home/max/bebop_ws/install/bebop_teleop/share/bebop_teleop/package.xml
[0.099s] Invoked command in '/home/max/bebop_ws/build/bebop_teleop' returned '0': CMAKE_PREFIX_PATH=${CMAKE_PREFIX_PATH}:/opt/ros/humble /usr/bin/cmake --install /home/max/bebop_ws/build/bebop_teleop
