[0.009s] Invoking command in '/home/max/bebop_ws/build/bebop_teleop': CMAKE_PREFIX_PATH=${CMAKE_PREFIX_PATH}:/opt/ros/humble /usr/bin/cmake --build /home/max/bebop_ws/build/bebop_teleop -- -j16 -l16
[0.066s] [100%] Built target bebop_teleop_node
[0.075s] Invoked command in '/home/max/bebop_ws/build/bebop_teleop' returned '0': CMAKE_PREFIX_PATH=${CMAKE_PREFIX_PATH}:/opt/ros/humble /usr/bin/cmake --build /home/max/bebop_ws/build/bebop_teleop -- -j16 -l16
[0.084s] Invoking command in '/home/max/bebop_ws/build/bebop_teleop': CMAKE_PREFIX_PATH=${CMAKE_PREFIX_PATH}:/opt/ros/humble /usr/bin/cmake --install /home/max/bebop_ws/build/bebop_teleop
[0.091s] -- Install configuration: ""
[0.091s] -- Up-to-date: /home/max/bebop_ws/install/bebop_teleop/lib/bebop_teleop/bebop_teleop_node
[0.091s] -- Up-to-date: /home/max/bebop_ws/install/bebop_teleop/share/bebop_teleop//launch
[0.091s] -- Installing: /home/max/bebop_ws/install/bebop_teleop/share/bebop_teleop//launch/single_bebop.launch.py
[0.091s] -- Up-to-date: /home/max/bebop_ws/install/bebop_teleop/share/bebop_teleop//launch/joy_debug.launch.py
[0.091s] -- Up-to-date: /home/max/bebop_ws/install/bebop_teleop/share/bebop_teleop//param
[0.092s] -- Up-to-date: /home/max/bebop_ws/install/bebop_teleop/share/bebop_teleop//param/joy_config.yaml
[0.092s] -- Up-to-date: /home/max/bebop_ws/install/bebop_teleop/share/bebop_teleop//param/xbox_controller.yaml
[0.092s] -- Up-to-date: /home/max/bebop_ws/install/bebop_teleop/share/bebop_teleop//param/sony_dualshock3.yaml
[0.092s] -- Up-to-date: /home/max/bebop_ws/install/bebop_teleop/share/ament_index/resource_index/package_run_dependencies/bebop_teleop
[0.092s] -- Up-to-date: /home/max/bebop_ws/install/bebop_teleop/share/ament_index/resource_index/parent_prefix_path/bebop_teleop
[0.092s] -- Up-to-date: /home/max/bebop_ws/install/bebop_teleop/share/bebop_teleop/environment/ament_prefix_path.sh
[0.092s] -- Up-to-date: /home/max/bebop_ws/install/bebop_teleop/share/bebop_teleop/environment/ament_prefix_path.dsv
[0.092s] -- Up-to-date: /home/max/bebop_ws/install/bebop_teleop/share/bebop_teleop/environment/path.sh
[0.092s] -- Up-to-date: /home/max/bebop_ws/install/bebop_teleop/share/bebop_teleop/environment/path.dsv
[0.092s] -- Up-to-date: /home/max/bebop_ws/install/bebop_teleop/share/bebop_teleop/local_setup.bash
[0.092s] -- Up-to-date: /home/max/bebop_ws/install/bebop_teleop/share/bebop_teleop/local_setup.sh
[0.092s] -- Up-to-date: /home/max/bebop_ws/install/bebop_teleop/share/bebop_teleop/local_setup.zsh
[0.092s] -- Up-to-date: /home/max/bebop_ws/install/bebop_teleop/share/bebop_teleop/local_setup.dsv
[0.092s] -- Installing: /home/max/bebop_ws/install/bebop_teleop/share/bebop_teleop/package.dsv
[0.092s] -- Up-to-date: /home/max/bebop_ws/install/bebop_teleop/share/ament_index/resource_index/packages/bebop_teleop
[0.092s] -- Up-to-date: /home/max/bebop_ws/install/bebop_teleop/share/bebop_teleop/cmake/bebop_teleopConfig.cmake
[0.093s] -- Up-to-date: /home/max/bebop_ws/install/bebop_teleop/share/bebop_teleop/cmake/bebop_teleopConfig-version.cmake
[0.093s] -- Up-to-date: /home/max/bebop_ws/install/bebop_teleop/share/bebop_teleop/package.xml
[0.094s] Invoked command in '/home/max/bebop_ws/build/bebop_teleop' returned '0': CMAKE_PREFIX_PATH=${CMAKE_PREFIX_PATH}:/opt/ros/humble /usr/bin/cmake --install /home/max/bebop_ws/build/bebop_teleop
