-- The C compiler identification is GNU 11.4.0
-- The CXX compiler identification is GNU 11.4.0
-- Detecting C compiler ABI info
-- Detecting C compiler ABI info - done
-- Check for working C compiler: /usr/bin/cc - skipped
-- Detecting C compile features
-- Detecting C compile features - done
-- Detecting CXX compiler ABI info
-- Detecting CXX compiler ABI info - done
-- Check for working CXX compiler: /usr/bin/c++ - skipped
-- Detecting CXX compile features
-- Detecting CXX compile features - done
-- Found ament_cmake: 1.3.12 (/opt/ros/humble/share/ament_cmake/cmake)
-- Found Python3: /home/max/.pyenv/shims/python3 (found version "3.10.12") found components: Interpreter 
-- Found rclcpp: 16.0.14 (/opt/ros/humble/share/rclcpp/cmake)
-- Found rosidl_generator_c: 3.1.7 (/opt/ros/humble/share/rosidl_generator_c/cmake)
-- Found rosidl_adapter: 3.1.7 (/opt/ros/humble/share/rosidl_adapter/cmake)
-- Found rosidl_generator_cpp: 3.1.7 (/opt/ros/humble/share/rosidl_generator_cpp/cmake)
-- Using all available rosidl_typesupport_c: rosidl_typesupport_fastrtps_c;rosidl_typesupport_introspection_c
-- Using all available rosidl_typesupport_cpp: rosidl_typesupport_fastrtps_cpp;rosidl_typesupport_introspection_cpp
-- Found rmw_implementation_cmake: 6.1.2 (/opt/ros/humble/share/rmw_implementation_cmake/cmake)
-- Found rmw_fastrtps_cpp: 6.2.8 (/opt/ros/humble/share/rmw_fastrtps_cpp/cmake)
-- Found OpenSSL: /home/max/bebop_ws/install/ros2_parrot_arsdk/lib/libcrypto.so (found version "2.0.0")  
-- Found FastRTPS: /opt/ros/humble/include  
-- Using RMW implementation 'rmw_fastrtps_cpp' as default
-- Looking for pthread.h
-- Looking for pthread.h - found
-- Performing Test CMAKE_HAVE_LIBC_PTHREAD
-- Performing Test CMAKE_HAVE_LIBC_PTHREAD - Success
-- Found Threads: TRUE  
-- Found rclpy: 3.3.17 (/opt/ros/humble/share/rclpy/cmake)
-- Found geometry_msgs: 4.9.0 (/opt/ros/humble/share/geometry_msgs/cmake)
-- Found nav_msgs: 4.9.0 (/opt/ros/humble/share/nav_msgs/cmake)
-- Found camera_info_manager: 3.1.12 (/opt/ros/humble/share/camera_info_manager/cmake)
-- Found image_transport: 3.1.12 (/opt/ros/humble/share/image_transport/cmake)
-- Found tf2: 0.25.15 (/opt/ros/humble/share/tf2/cmake)
-- Found tf2_ros: 0.25.15 (/opt/ros/humble/share/tf2_ros/cmake)
-- Found ros2_parrot_arsdk: 0.0.0 (/home/max/bebop_ws/install/ros2_parrot_arsdk/share/ros2_parrot_arsdk/cmake)
-- Found PkgConfig: /usr/bin/pkg-config (found version "0.29.2") 
-- Checking for module 'libavdevice>=58'
--   Found libavdevice, version 58.13.100
-- Checking for module 'libavformat>=58'
--   Found libavformat, version 58.76.100
-- Checking for module 'libavcodec>=58'
--   Found libavcodec, version 58.134.100
-- Checking for module 'libavutil>=56'
--   Found libavutil, version 56.70.100
-- Checking for module 'libswscale>=5'
--   Found libswscale, version 5.9.100
-- Found ament_lint_auto: 0.12.14 (/opt/ros/humble/share/ament_lint_auto/cmake)
-- Added test 'copyright' to check source files copyright and LICENSE
-- Added test 'cppcheck' to perform static code analysis on C / C++ code
-- Configured cppcheck include dirs: /home/max/bebop_ws/src/ros2_bebop_driver/include;$<BUILD_INTERFACE:/home/max/bebop_ws/src/ros2_bebop_driver/include>
-- Configured cppcheck exclude dirs and/or files: 
-- Added test 'cpplint' to check C / C++ code against the Google style
-- Configured cpplint exclude dirs and/or files: 
-- Added test 'flake8' to check Python code syntax and style conventions
-- Added test 'lint_cmake' to check CMake code style
-- Added test 'pep257' to check Python code against some of the docstring style conventions in PEP 257
-- Added test 'uncrustify' to check C / C++ code style
-- Configured uncrustify additional arguments: 
-- Added test 'xmllint' to check XML markup files
-- Configuring done
-- Generating done
-- Build files have been written to: /home/max/bebop_ws/build/ros2_bebop_driver
[ 60%] [32mBuilding CXX object CMakeFiles/bebop_driver.dir/src/bebop_driver_node.cpp.o[0m
[ 60%] [32mBuilding CXX object CMakeFiles/bebop_driver.dir/src/bebop.cpp.o[0m
[ 60%] [32mBuilding CXX object CMakeFiles/bebop_driver.dir/src/video_decoder.cpp.o[0m
[ 80%] [32mBuilding CXX object CMakeFiles/bebop_driver.dir/src/ardrone3_state_callbacks.cpp.o[0m
[100%] [32m[1mLinking CXX executable bebop_driver[0m
[100%] Built target bebop_driver
-- Install configuration: ""
-- Installing: /home/max/bebop_ws/install/ros2_bebop_driver/lib/ros2_bebop_driver/bebop_driver
-- Set runtime path of "/home/max/bebop_ws/install/ros2_bebop_driver/lib/ros2_bebop_driver/bebop_driver" to ""
-- Installing: /home/max/bebop_ws/install/ros2_bebop_driver/share/ros2_bebop_driver/launch
-- Installing: /home/max/bebop_ws/install/ros2_bebop_driver/share/ros2_bebop_driver/launch/bebop_node_launch.xml
-- Installing: /home/max/bebop_ws/install/ros2_bebop_driver/share/ros2_bebop_driver/config
-- Installing: /home/max/bebop_ws/install/ros2_bebop_driver/share/ros2_bebop_driver/config/bebop2_camera_calib.yaml
-- Installing: /home/max/bebop_ws/install/ros2_bebop_driver/lib/ros2_bebop_driver/joy_teleop.py
-- Installing: /home/max/bebop_ws/install/ros2_bebop_driver/share/ament_index/resource_index/package_run_dependencies/ros2_bebop_driver
-- Installing: /home/max/bebop_ws/install/ros2_bebop_driver/share/ament_index/resource_index/parent_prefix_path/ros2_bebop_driver
-- Installing: /home/max/bebop_ws/install/ros2_bebop_driver/share/ros2_bebop_driver/environment/ament_prefix_path.sh
-- Installing: /home/max/bebop_ws/install/ros2_bebop_driver/share/ros2_bebop_driver/environment/ament_prefix_path.dsv
-- Installing: /home/max/bebop_ws/install/ros2_bebop_driver/share/ros2_bebop_driver/environment/path.sh
-- Installing: /home/max/bebop_ws/install/ros2_bebop_driver/share/ros2_bebop_driver/environment/path.dsv
-- Installing: /home/max/bebop_ws/install/ros2_bebop_driver/share/ros2_bebop_driver/local_setup.bash
-- Installing: /home/max/bebop_ws/install/ros2_bebop_driver/share/ros2_bebop_driver/local_setup.sh
-- Installing: /home/max/bebop_ws/install/ros2_bebop_driver/share/ros2_bebop_driver/local_setup.zsh
-- Installing: /home/max/bebop_ws/install/ros2_bebop_driver/share/ros2_bebop_driver/local_setup.dsv
-- Installing: /home/max/bebop_ws/install/ros2_bebop_driver/share/ros2_bebop_driver/package.dsv
-- Installing: /home/max/bebop_ws/install/ros2_bebop_driver/share/ament_index/resource_index/packages/ros2_bebop_driver
-- Installing: /home/max/bebop_ws/install/ros2_bebop_driver/share/ros2_bebop_driver/cmake/ros2_bebop_driverConfig.cmake
-- Installing: /home/max/bebop_ws/install/ros2_bebop_driver/share/ros2_bebop_driver/cmake/ros2_bebop_driverConfig-version.cmake
-- Installing: /home/max/bebop_ws/install/ros2_bebop_driver/share/ros2_bebop_driver/package.xml
