-- The C compiler identification is GNU 11.4.0
-- The CXX compiler identification is GNU 11.4.0
-- Detecting C compiler ABI info
-- Detecting C compiler ABI info - done
-- Check for working C compiler: /usr/bin/cc - skipped
-- Detecting C compile features
-- Detecting C compile features - done
-- Detecting CXX compiler ABI info
-- Detecting CXX compiler ABI info - done
-- Check for working CXX compiler: /usr/bin/c++ - skipped
-- Detecting CXX compile features
-- Detecting CXX compile features - done
-- Found ament_cmake: 1.3.12 (/opt/ros/humble/share/ament_cmake/cmake)
-- Found Python3: /home/max/.pyenv/shims/python3 (found version "3.10.12") found components: Interpreter 
-- Found rclcpp: 16.0.14 (/opt/ros/humble/share/rclcpp/cmake)
-- Found rosidl_generator_c: 3.1.7 (/opt/ros/humble/share/rosidl_generator_c/cmake)
-- Found rosidl_adapter: 3.1.7 (/opt/ros/humble/share/rosidl_adapter/cmake)
-- Found rosidl_generator_cpp: 3.1.7 (/opt/ros/humble/share/rosidl_generator_cpp/cmake)
-- Using all available rosidl_typesupport_c: rosidl_typesupport_fastrtps_c;rosidl_typesupport_introspection_c
-- Using all available rosidl_typesupport_cpp: rosidl_typesupport_fastrtps_cpp;rosidl_typesupport_introspection_cpp
-- Found rmw_implementation_cmake: 6.1.2 (/opt/ros/humble/share/rmw_implementation_cmake/cmake)
-- Found rmw_fastrtps_cpp: 6.2.8 (/opt/ros/humble/share/rmw_fastrtps_cpp/cmake)
-- Found OpenSSL: /usr/lib/x86_64-linux-gnu/libcrypto.so (found version "3.0.2")  
-- Found FastRTPS: /opt/ros/humble/include  
-- Using RMW implementation 'rmw_fastrtps_cpp' as default
-- Looking for pthread.h
-- Looking for pthread.h - found
-- Performing Test CMAKE_HAVE_LIBC_PTHREAD
-- Performing Test CMAKE_HAVE_LIBC_PTHREAD - Success
-- Found Threads: TRUE  
-- Found geometry_msgs: 4.9.0 (/opt/ros/humble/share/geometry_msgs/cmake)
-- Found sensor_msgs: 4.9.0 (/opt/ros/humble/share/sensor_msgs/cmake)
-- Configuring done
-- Generating done
-- Build files have been written to: /home/max/bebop_ws/build/bebop_teleop
[ 33%] [32mBuilding CXX object CMakeFiles/bebop_teleop_node.dir/src/BebopTeleop.cpp.o[0m
[ 66%] [32mBuilding CXX object CMakeFiles/bebop_teleop_node.dir/src/bebop_teleop_node.cpp.o[0m
[100%] [32m[1mLinking CXX executable bebop_teleop_node[0m
[100%] Built target bebop_teleop_node
-- Install configuration: ""
-- Installing: /home/max/bebop_ws/install/bebop_teleop/lib/bebop_teleop/bebop_teleop_node
-- Set runtime path of "/home/max/bebop_ws/install/bebop_teleop/lib/bebop_teleop/bebop_teleop_node" to ""
-- Installing: /home/max/bebop_ws/install/bebop_teleop/share/bebop_teleop//launch
-- Installing: /home/max/bebop_ws/install/bebop_teleop/share/bebop_teleop//launch/single_bebop.launch.py
-- Installing: /home/max/bebop_ws/install/bebop_teleop/share/bebop_teleop//launch/joy_debug.launch.py
-- Installing: /home/max/bebop_ws/install/bebop_teleop/share/bebop_teleop//param
-- Installing: /home/max/bebop_ws/install/bebop_teleop/share/bebop_teleop//param/joy_config.yaml
-- Installing: /home/max/bebop_ws/install/bebop_teleop/share/bebop_teleop//param/xbox_controller.yaml
-- Installing: /home/max/bebop_ws/install/bebop_teleop/share/bebop_teleop//param/sony_dualshock3.yaml
-- Installing: /home/max/bebop_ws/install/bebop_teleop/share/ament_index/resource_index/package_run_dependencies/bebop_teleop
-- Installing: /home/max/bebop_ws/install/bebop_teleop/share/ament_index/resource_index/parent_prefix_path/bebop_teleop
-- Installing: /home/max/bebop_ws/install/bebop_teleop/share/bebop_teleop/environment/ament_prefix_path.sh
-- Installing: /home/max/bebop_ws/install/bebop_teleop/share/bebop_teleop/environment/ament_prefix_path.dsv
-- Installing: /home/max/bebop_ws/install/bebop_teleop/share/bebop_teleop/environment/path.sh
-- Installing: /home/max/bebop_ws/install/bebop_teleop/share/bebop_teleop/environment/path.dsv
-- Installing: /home/max/bebop_ws/install/bebop_teleop/share/bebop_teleop/local_setup.bash
-- Installing: /home/max/bebop_ws/install/bebop_teleop/share/bebop_teleop/local_setup.sh
-- Installing: /home/max/bebop_ws/install/bebop_teleop/share/bebop_teleop/local_setup.zsh
-- Installing: /home/max/bebop_ws/install/bebop_teleop/share/bebop_teleop/local_setup.dsv
-- Installing: /home/max/bebop_ws/install/bebop_teleop/share/bebop_teleop/package.dsv
-- Installing: /home/max/bebop_ws/install/bebop_teleop/share/ament_index/resource_index/packages/bebop_teleop
-- Installing: /home/max/bebop_ws/install/bebop_teleop/share/bebop_teleop/cmake/bebop_teleopConfig.cmake
-- Installing: /home/max/bebop_ws/install/bebop_teleop/share/bebop_teleop/cmake/bebop_teleopConfig-version.cmake
-- Installing: /home/max/bebop_ws/install/bebop_teleop/share/bebop_teleop/package.xml
