[0.014s] Invoking command in '/home/max/bebop_ws/build/bebop_teleop': CMAKE_PREFIX_PATH=${CMAKE_PREFIX_PATH}:/opt/ros/humble /usr/bin/cmake /home/max/bebop_ws/src/bebop_teleop -DCMAKE_INSTALL_PREFIX=/home/max/bebop_ws/install/bebop_teleop
[0.070s] -- The C compiler identification is GNU 11.4.0
[0.128s] -- The CXX compiler identification is GNU 11.4.0
[0.135s] -- Detecting C compiler ABI info
[0.206s] -- Detecting C compiler ABI info - done
[0.213s] -- Check for working C compiler: /usr/bin/cc - skipped
[0.214s] -- Detecting C compile features
[0.214s] -- Detecting C compile features - done
[0.217s] -- Detecting CXX compiler ABI info
[0.294s] -- Detecting CXX compiler ABI info - done
[0.302s] -- Check for working CXX compiler: /usr/bin/c++ - skipped
[0.303s] -- Detecting CXX compile features
[0.303s] -- Detecting CXX compile features - done
[0.305s] -- Found ament_cmake: 1.3.12 (/opt/ros/humble/share/ament_cmake/cmake)
[1.426s] -- Found Python3: /home/max/.pyenv/shims/python3 (found version "3.10.12") found components: Interpreter 
[1.593s] -- Found rclcpp: 16.0.14 (/opt/ros/humble/share/rclcpp/cmake)
[1.644s] -- Found rosidl_generator_c: 3.1.7 (/opt/ros/humble/share/rosidl_generator_c/cmake)
[1.648s] -- Found rosidl_adapter: 3.1.7 (/opt/ros/humble/share/rosidl_adapter/cmake)
[1.655s] -- Found rosidl_generator_cpp: 3.1.7 (/opt/ros/humble/share/rosidl_generator_cpp/cmake)
[1.665s] -- Using all available rosidl_typesupport_c: rosidl_typesupport_fastrtps_c;rosidl_typesupport_introspection_c
[1.680s] -- Using all available rosidl_typesupport_cpp: rosidl_typesupport_fastrtps_cpp;rosidl_typesupport_introspection_cpp
[1.719s] -- Found rmw_implementation_cmake: 6.1.2 (/opt/ros/humble/share/rmw_implementation_cmake/cmake)
[1.721s] -- Found rmw_fastrtps_cpp: 6.2.8 (/opt/ros/humble/share/rmw_fastrtps_cpp/cmake)
[1.823s] -- Found OpenSSL: /usr/lib/x86_64-linux-gnu/libcrypto.so (found version "3.0.2")  
[1.855s] -- Found FastRTPS: /opt/ros/humble/include  
[1.900s] -- Using RMW implementation 'rmw_fastrtps_cpp' as default
[1.908s] -- Looking for pthread.h
[1.975s] -- Looking for pthread.h - found
[1.975s] -- Performing Test CMAKE_HAVE_LIBC_PTHREAD
[2.050s] -- Performing Test CMAKE_HAVE_LIBC_PTHREAD - Success
[2.051s] -- Found Threads: TRUE  
[2.099s] -- Found geometry_msgs: 4.9.0 (/opt/ros/humble/share/geometry_msgs/cmake)
[2.111s] -- Found sensor_msgs: 4.9.0 (/opt/ros/humble/share/sensor_msgs/cmake)
[2.306s] -- Configuring done
[2.320s] -- Generating done
[2.323s] -- Build files have been written to: /home/max/bebop_ws/build/bebop_teleop
[2.336s] Invoked command in '/home/max/bebop_ws/build/bebop_teleop' returned '0': CMAKE_PREFIX_PATH=${CMAKE_PREFIX_PATH}:/opt/ros/humble /usr/bin/cmake /home/max/bebop_ws/src/bebop_teleop -DCMAKE_INSTALL_PREFIX=/home/max/bebop_ws/install/bebop_teleop
[2.338s] Invoking command in '/home/max/bebop_ws/build/bebop_teleop': CMAKE_PREFIX_PATH=${CMAKE_PREFIX_PATH}:/opt/ros/humble /usr/bin/cmake --build /home/max/bebop_ws/build/bebop_teleop -- -j16 -l16
[2.382s] [ 33%] [32mBuilding CXX object CMakeFiles/bebop_teleop_node.dir/src/BebopTeleop.cpp.o[0m
[2.383s] [ 66%] [32mBuilding CXX object CMakeFiles/bebop_teleop_node.dir/src/bebop_teleop_node.cpp.o[0m
[12.330s] [100%] [32m[1mLinking CXX executable bebop_teleop_node[0m
[12.730s] [100%] Built target bebop_teleop_node
[12.742s] Invoked command in '/home/max/bebop_ws/build/bebop_teleop' returned '0': CMAKE_PREFIX_PATH=${CMAKE_PREFIX_PATH}:/opt/ros/humble /usr/bin/cmake --build /home/max/bebop_ws/build/bebop_teleop -- -j16 -l16
[12.752s] Invoking command in '/home/max/bebop_ws/build/bebop_teleop': CMAKE_PREFIX_PATH=${CMAKE_PREFIX_PATH}:/opt/ros/humble /usr/bin/cmake --install /home/max/bebop_ws/build/bebop_teleop
[12.760s] -- Install configuration: ""
[12.760s] -- Installing: /home/max/bebop_ws/install/bebop_teleop/lib/bebop_teleop/bebop_teleop_node
[12.763s] -- Set runtime path of "/home/max/bebop_ws/install/bebop_teleop/lib/bebop_teleop/bebop_teleop_node" to ""
[12.763s] -- Installing: /home/max/bebop_ws/install/bebop_teleop/share/bebop_teleop//launch
[12.764s] -- Installing: /home/max/bebop_ws/install/bebop_teleop/share/bebop_teleop//launch/single_bebop.launch.py
[12.764s] -- Installing: /home/max/bebop_ws/install/bebop_teleop/share/bebop_teleop//launch/joy_debug.launch.py
[12.764s] -- Installing: /home/max/bebop_ws/install/bebop_teleop/share/bebop_teleop//param
[12.764s] -- Installing: /home/max/bebop_ws/install/bebop_teleop/share/bebop_teleop//param/joy_config.yaml
[12.764s] -- Installing: /home/max/bebop_ws/install/bebop_teleop/share/bebop_teleop//param/xbox_controller.yaml
[12.764s] -- Installing: /home/max/bebop_ws/install/bebop_teleop/share/bebop_teleop//param/sony_dualshock3.yaml
[12.764s] -- Installing: /home/max/bebop_ws/install/bebop_teleop/share/ament_index/resource_index/package_run_dependencies/bebop_teleop
[12.765s] -- Installing: /home/max/bebop_ws/install/bebop_teleop/share/ament_index/resource_index/parent_prefix_path/bebop_teleop
[12.765s] -- Installing: /home/max/bebop_ws/install/bebop_teleop/share/bebop_teleop/environment/ament_prefix_path.sh
[12.765s] -- Installing: /home/max/bebop_ws/install/bebop_teleop/share/bebop_teleop/environment/ament_prefix_path.dsv
[12.765s] -- Installing: /home/max/bebop_ws/install/bebop_teleop/share/bebop_teleop/environment/path.sh
[12.765s] -- Installing: /home/max/bebop_ws/install/bebop_teleop/share/bebop_teleop/environment/path.dsv
[12.765s] -- Installing: /home/max/bebop_ws/install/bebop_teleop/share/bebop_teleop/local_setup.bash
[12.765s] -- Installing: /home/max/bebop_ws/install/bebop_teleop/share/bebop_teleop/local_setup.sh
[12.766s] -- Installing: /home/max/bebop_ws/install/bebop_teleop/share/bebop_teleop/local_setup.zsh
[12.766s] -- Installing: /home/max/bebop_ws/install/bebop_teleop/share/bebop_teleop/local_setup.dsv
[12.766s] -- Installing: /home/max/bebop_ws/install/bebop_teleop/share/bebop_teleop/package.dsv
[12.766s] -- Installing: /home/max/bebop_ws/install/bebop_teleop/share/ament_index/resource_index/packages/bebop_teleop
[12.766s] -- Installing: /home/max/bebop_ws/install/bebop_teleop/share/bebop_teleop/cmake/bebop_teleopConfig.cmake
[12.766s] -- Installing: /home/max/bebop_ws/install/bebop_teleop/share/bebop_teleop/cmake/bebop_teleopConfig-version.cmake
[12.766s] -- Installing: /home/max/bebop_ws/install/bebop_teleop/share/bebop_teleop/package.xml
[12.769s] Invoked command in '/home/max/bebop_ws/build/bebop_teleop' returned '0': CMAKE_PREFIX_PATH=${CMAKE_PREFIX_PATH}:/opt/ros/humble /usr/bin/cmake --install /home/max/bebop_ws/build/bebop_teleop
